

================================================================
== Vitis HLS Report for 'MVM_opcion7_super_mejorada'
================================================================
* Date:           Wed May  4 09:44:12 2022

* Version:        2020.2 (Build 3064766 on Wed Nov 18 09:12:47 MST 2020)
* Project:        systolic_arrays
* Solution:       solution1 (Vivado IP Flow Target)
* Product family: zynq
* Target device:  xc7z020-clg400-1


================================================================
== Performance Estimates
================================================================
+ Timing: 
    * Summary: 
    +--------+----------+-----------+------------+
    |  Clock |  Target  | Estimated | Uncertainty|
    +--------+----------+-----------+------------+
    |ap_clk  |  10.00 ns|  14.512 ns|     2.70 ns|
    +--------+----------+-----------+------------+

+ Latency: 
    * Summary: 
    +---------+---------+----------+----------+-----+-----+----------+
    |  Latency (cycles) |  Latency (absolute) |  Interval | Pipeline |
    |   min   |   max   |    min   |    max   | min | max |   Type   |
    +---------+---------+----------+----------+-----+-----+----------+
    |        ?|        ?|         ?|         ?|    ?|    ?|  dataflow|
    +---------+---------+----------+----------+-----+-----+----------+

    + Detail: 
        * Instance: 
        +--------------+-----------+---------+---------+-----------+----------+-----+-----+---------+
        |              |           |  Latency (cycles) |  Latency (absolute)  |  Interval | Pipeline|
        |   Instance   |   Module  |   min   |   max   |    min    |    max   | min | max |   Type  |
        +--------------+-----------+---------+---------+-----------+----------+-----+-----+---------+
        |layer1_U0     |layer1     |        ?|        ?|          ?|         ?|    ?|    ?|     none|
        |producer3_U0  |producer3  |        ?|        ?|          ?|         ?|    ?|    ?|     none|
        |consumer_U0   |consumer   |        1|        ?|  14.512 ns|         ?|    1|    ?|     none|
        +--------------+-----------+---------+---------+-----------+----------+-----+-----+---------+

        * Loop: 
        N/A



================================================================
== Utilization Estimates
================================================================
* Summary: 
+-----------------+---------+-----+--------+-------+-----+
|       Name      | BRAM_18K| DSP |   FF   |  LUT  | URAM|
+-----------------+---------+-----+--------+-------+-----+
|DSP              |        -|    -|       -|      -|    -|
|Expression       |        -|    -|       0|      4|    -|
|FIFO             |        -|    -|     693|    476|    -|
|Instance         |        2|   37|    6076|   8604|    -|
|Memory           |        -|    -|       -|      -|    -|
|Multiplexer      |        -|    -|       -|      -|    -|
|Register         |        -|    -|       -|      -|    -|
+-----------------+---------+-----+--------+-------+-----+
|Total            |        2|   37|    6769|   9084|    0|
+-----------------+---------+-----+--------+-------+-----+
|Available        |      280|  220|  106400|  53200|    0|
+-----------------+---------+-----+--------+-------+-----+
|Utilization (%)  |       ~0|   16|       6|     17|    0|
+-----------------+---------+-----+--------+-------+-----+

+ Detail: 
    * Instance: 
    +-----------------+---------------+---------+----+------+------+-----+
    |     Instance    |     Module    | BRAM_18K| DSP|  FF  |  LUT | URAM|
    +-----------------+---------------+---------+----+------+------+-----+
    |consumer_U0      |consumer       |        0|   0|   205|   227|    0|
    |control_s_axi_U  |control_s_axi  |        0|   0|   322|   552|    0|
    |gmem_m_axi_U     |gmem_m_axi     |        2|   0|   512|   580|    0|
    |layer1_U0        |layer1         |        0|  37|  3831|  6433|    0|
    |producer3_U0     |producer3      |        0|   0|  1206|   812|    0|
    +-----------------+---------------+---------+----+------+------+-----+
    |Total            |               |        2|  37|  6076|  8604|    0|
    +-----------------+---------------+---------+----+------+------+-----+

    * DSP: 
    N/A

    * Memory: 
    N/A

    * FIFO: 
    +-----------------+---------+----+----+-----+------+-----+---------+
    |       Name      | BRAM_18K| FF | LUT| URAM| Depth| Bits| Size:D*B|
    +-----------------+---------+----+----+-----+------+-----+---------+
    |MM_c9_U          |        0|  99|   0|    -|     2|   32|       64|
    |MM_c_U           |        0|  99|   0|    -|     2|   32|       64|
    |NN_c_U           |        0|  99|   0|    -|     2|   32|       64|
    |a_U              |        0|  99|   0|    -|     2|   32|       64|
    |b1_U             |        0|  99|   0|    -|     2|   32|       64|
    |layer1_layer2_U  |        0|  99|   0|    -|     2|   32|       64|
    |output_c_U       |        0|  99|   0|    -|     3|   64|      192|
    +-----------------+---------+----+----+-----+------+-----+---------+
    |Total            |        0| 693|   0|    0|    15|  256|      576|
    +-----------------+---------+----+----+-----+------+-----+---------+

    * Expression: 
    +---------------------------+----------+----+---+----+------------+------------+
    |       Variable Name       | Operation| DSP| FF| LUT| Bitwidth P0| Bitwidth P1|
    +---------------------------+----------+----+---+----+------------+------------+
    |ap_idle                    |       and|   0|  0|   2|           1|           1|
    |producer3_U0_start_full_n  |       and|   0|  0|   2|           1|           1|
    +---------------------------+----------+----+---+----+------------+------------+
    |Total                      |          |   0|  0|   4|           2|           2|
    +---------------------------+----------+----+---+----+------------+------------+

    * Multiplexer: 
    N/A

    * Register: 
    N/A



================================================================
== Interface
================================================================
* Summary: 
+-----------------------+-----+-----+------------+----------------------------+--------------+
|       RTL Ports       | Dir | Bits|  Protocol  |        Source Object       |    C Type    |
+-----------------------+-----+-----+------------+----------------------------+--------------+
|s_axi_control_AWVALID  |   in|    1|       s_axi|                     control|        scalar|
|s_axi_control_AWREADY  |  out|    1|       s_axi|                     control|        scalar|
|s_axi_control_AWADDR   |   in|    7|       s_axi|                     control|        scalar|
|s_axi_control_WVALID   |   in|    1|       s_axi|                     control|        scalar|
|s_axi_control_WREADY   |  out|    1|       s_axi|                     control|        scalar|
|s_axi_control_WDATA    |   in|   32|       s_axi|                     control|        scalar|
|s_axi_control_WSTRB    |   in|    4|       s_axi|                     control|        scalar|
|s_axi_control_ARVALID  |   in|    1|       s_axi|                     control|        scalar|
|s_axi_control_ARREADY  |  out|    1|       s_axi|                     control|        scalar|
|s_axi_control_ARADDR   |   in|    7|       s_axi|                     control|        scalar|
|s_axi_control_RVALID   |  out|    1|       s_axi|                     control|        scalar|
|s_axi_control_RREADY   |   in|    1|       s_axi|                     control|        scalar|
|s_axi_control_RDATA    |  out|   32|       s_axi|                     control|        scalar|
|s_axi_control_RRESP    |  out|    2|       s_axi|                     control|        scalar|
|s_axi_control_BVALID   |  out|    1|       s_axi|                     control|        scalar|
|s_axi_control_BREADY   |   in|    1|       s_axi|                     control|        scalar|
|s_axi_control_BRESP    |  out|    2|       s_axi|                     control|        scalar|
|ap_clk                 |   in|    1|  ap_ctrl_hs|  MVM_opcion7_super_mejorada|  return value|
|ap_rst_n               |   in|    1|  ap_ctrl_hs|  MVM_opcion7_super_mejorada|  return value|
|interrupt              |  out|    1|  ap_ctrl_hs|  MVM_opcion7_super_mejorada|  return value|
|m_axi_gmem_AWVALID     |  out|    1|       m_axi|                        gmem|       pointer|
|m_axi_gmem_AWREADY     |   in|    1|       m_axi|                        gmem|       pointer|
|m_axi_gmem_AWADDR      |  out|   64|       m_axi|                        gmem|       pointer|
|m_axi_gmem_AWID        |  out|    1|       m_axi|                        gmem|       pointer|
|m_axi_gmem_AWLEN       |  out|    8|       m_axi|                        gmem|       pointer|
|m_axi_gmem_AWSIZE      |  out|    3|       m_axi|                        gmem|       pointer|
|m_axi_gmem_AWBURST     |  out|    2|       m_axi|                        gmem|       pointer|
|m_axi_gmem_AWLOCK      |  out|    2|       m_axi|                        gmem|       pointer|
|m_axi_gmem_AWCACHE     |  out|    4|       m_axi|                        gmem|       pointer|
|m_axi_gmem_AWPROT      |  out|    3|       m_axi|                        gmem|       pointer|
|m_axi_gmem_AWQOS       |  out|    4|       m_axi|                        gmem|       pointer|
|m_axi_gmem_AWREGION    |  out|    4|       m_axi|                        gmem|       pointer|
|m_axi_gmem_AWUSER      |  out|    1|       m_axi|                        gmem|       pointer|
|m_axi_gmem_WVALID      |  out|    1|       m_axi|                        gmem|       pointer|
|m_axi_gmem_WREADY      |   in|    1|       m_axi|                        gmem|       pointer|
|m_axi_gmem_WDATA       |  out|   32|       m_axi|                        gmem|       pointer|
|m_axi_gmem_WSTRB       |  out|    4|       m_axi|                        gmem|       pointer|
|m_axi_gmem_WLAST       |  out|    1|       m_axi|                        gmem|       pointer|
|m_axi_gmem_WID         |  out|    1|       m_axi|                        gmem|       pointer|
|m_axi_gmem_WUSER       |  out|    1|       m_axi|                        gmem|       pointer|
|m_axi_gmem_ARVALID     |  out|    1|       m_axi|                        gmem|       pointer|
|m_axi_gmem_ARREADY     |   in|    1|       m_axi|                        gmem|       pointer|
|m_axi_gmem_ARADDR      |  out|   64|       m_axi|                        gmem|       pointer|
|m_axi_gmem_ARID        |  out|    1|       m_axi|                        gmem|       pointer|
|m_axi_gmem_ARLEN       |  out|    8|       m_axi|                        gmem|       pointer|
|m_axi_gmem_ARSIZE      |  out|    3|       m_axi|                        gmem|       pointer|
|m_axi_gmem_ARBURST     |  out|    2|       m_axi|                        gmem|       pointer|
|m_axi_gmem_ARLOCK      |  out|    2|       m_axi|                        gmem|       pointer|
|m_axi_gmem_ARCACHE     |  out|    4|       m_axi|                        gmem|       pointer|
|m_axi_gmem_ARPROT      |  out|    3|       m_axi|                        gmem|       pointer|
|m_axi_gmem_ARQOS       |  out|    4|       m_axi|                        gmem|       pointer|
|m_axi_gmem_ARREGION    |  out|    4|       m_axi|                        gmem|       pointer|
|m_axi_gmem_ARUSER      |  out|    1|       m_axi|                        gmem|       pointer|
|m_axi_gmem_RVALID      |   in|    1|       m_axi|                        gmem|       pointer|
|m_axi_gmem_RREADY      |  out|    1|       m_axi|                        gmem|       pointer|
|m_axi_gmem_RDATA       |   in|   32|       m_axi|                        gmem|       pointer|
|m_axi_gmem_RLAST       |   in|    1|       m_axi|                        gmem|       pointer|
|m_axi_gmem_RID         |   in|    1|       m_axi|                        gmem|       pointer|
|m_axi_gmem_RUSER       |   in|    1|       m_axi|                        gmem|       pointer|
|m_axi_gmem_RRESP       |   in|    2|       m_axi|                        gmem|       pointer|
|m_axi_gmem_BVALID      |   in|    1|       m_axi|                        gmem|       pointer|
|m_axi_gmem_BREADY      |  out|    1|       m_axi|                        gmem|       pointer|
|m_axi_gmem_BRESP       |   in|    2|       m_axi|                        gmem|       pointer|
|m_axi_gmem_BID         |   in|    1|       m_axi|                        gmem|       pointer|
|m_axi_gmem_BUSER       |   in|    1|       m_axi|                        gmem|       pointer|
+-----------------------+-----+-----+------------+----------------------------+--------------+

