INFO: [HLS 200-10] Running '/opt/Xilinx/Vitis_HLS/2020.2/bin/unwrapped/lnx64.o/vitis_hls'
INFO: [HLS 200-10] For user 'rgadea' on host 'rafael-slimbook' (Linux_x86_64 version 5.13.0-30-generic) on Wed Apr 13 12:01:48 CEST 2022
INFO: [HLS 200-10] On os KDE neon User - 5.24
INFO: [HLS 200-10] In directory '/home/rgadea/pruebas_HLS_XILINX_2022/rgadea/Vitis-HLS-Introductory-Examples-master/Dataflow/Channels/using_stream_of_blocks'
Sourcing Tcl script '/home/rgadea/pruebas_HLS_XILINX_2022/rgadea/Vitis-HLS-Introductory-Examples-master/Dataflow/Channels/using_stream_of_blocks/proj/solution1/csim.tcl'
INFO: [HLS 200-1510] Running: open_project proj 
INFO: [HLS 200-10] Opening project '/home/rgadea/pruebas_HLS_XILINX_2022/rgadea/Vitis-HLS-Introductory-Examples-master/Dataflow/Channels/using_stream_of_blocks/proj'.
INFO: [HLS 200-1510] Running: set_top diamond 
INFO: [HLS 200-1510] Running: add_files diamond.cpp 
INFO: [HLS 200-10] Adding design file 'diamond.cpp' to the project
INFO: [HLS 200-1510] Running: add_files -tb result.golden.dat -cflags -Wno-unknown-pragmas -csimflags -Wno-unknown-pragmas 
INFO: [HLS 200-10] Adding test bench file 'result.golden.dat' to the project
INFO: [HLS 200-1510] Running: add_files -tb diamond_test.cpp -cflags -Wno-unknown-pragmas -csimflags -Wno-unknown-pragmas 
INFO: [HLS 200-10] Adding test bench file 'diamond_test.cpp' to the project
INFO: [HLS 200-1510] Running: open_solution solution1 -flow_target vitis 
INFO: [HLS 200-10] Opening solution '/home/rgadea/pruebas_HLS_XILINX_2022/rgadea/Vitis-HLS-Introductory-Examples-master/Dataflow/Channels/using_stream_of_blocks/proj/solution1'.
INFO: [SYN 201-201] Setting up clock 'default' with a period of 2ns.
INFO: [HLS 200-10] Setting target device to 'xc7z020-clg400-1'
INFO: [HLS 200-1505] Using flow_target 'vitis'
Resolution: For help on HLS 200-1505 see www.xilinx.com/cgi-bin/docs/rdoc?v=2020.2;t=hls+guidance;d=200-1505.html
INFO: [HLS 200-1464] Running solution command: config_rtl -register_reset_num=3
INFO: [HLS 200-1464] Running solution command: config_interface -m_axi_alignment_byte_size=64
INFO: [HLS 200-1464] Running solution command: config_interface -m_axi_latency=64
INFO: [HLS 200-1464] Running solution command: config_interface -m_axi_max_widen_bitwidth=512
INFO: [HLS 200-1464] Running solution command: config_interface -m_axi_offset=slave
INFO: [HLS 200-1510] Running: set_part xc7z020clg400-1 
INFO: [HLS 200-1510] Running: create_clock -period 2 -name default 
INFO: [SYN 201-201] Setting up clock 'default' with a period of 2ns.
INFO: [HLS 200-1510] Running: config_rtl -register_reset_num 3 
INFO: [HLS 200-1510] Running: config_interface -m_axi_alignment_byte_size 64 -m_axi_latency 64 -m_axi_max_widen_bitwidth 512 -m_axi_offset slave 
INFO: [HLS 200-1510] Running: csim_design -quiet 
INFO: [SIM 211-2] *************** CSIM start ***************
INFO: [SIM 211-4] CSIM will launch GCC as the compiler.
   Compiling ../../../../diamond_test.cpp in debug mode
   Compiling ../../../../diamond.cpp in debug mode
   Generating csim.exe
Series 0 Outcome: 25
Series 0 Outcome: 40
Series 0 Outcome: 55
Series 0 Outcome: 70
Series 0 Outcome: 85
Series 0 Outcome: 100
Series 0 Outcome: 115
Series 0 Outcome: 130
Series 0 Outcome: 145
Series 0 Outcome: 160
Series 0 Outcome: 175
Series 0 Outcome: 190
Series 0 Outcome: 205
Series 0 Outcome: 220
Series 0 Outcome: 235
Series 0 Outcome: 250
Series 0 Outcome: 9
Series 0 Outcome: 24
Series 0 Outcome: 39
Series 0 Outcome: 54
Series 0 Outcome: 69
Series 0 Outcome: 84
Series 0 Outcome: 99
Series 0 Outcome: 114
Series 0 Outcome: 129
Series 0 Outcome: 144
Series 0 Outcome: 159
Series 0 Outcome: 174
Series 0 Outcome: 189
Series 0 Outcome: 204
Series 0 Outcome: 219
Series 0 Outcome: 234
Series 0 Outcome: 249
Series 0 Outcome: 8
Series 0 Outcome: 23
Series 0 Outcome: 38
Series 0 Outcome: 53
Series 0 Outcome: 68
Series 0 Outcome: 83
Series 0 Outcome: 98
Series 0 Outcome: 113
Series 0 Outcome: 128
Series 0 Outcome: 143
Series 0 Outcome: 158
Series 0 Outcome: 173
Series 0 Outcome: 188
Series 0 Outcome: 203
Series 0 Outcome: 218
Series 0 Outcome: 233
Series 0 Outcome: 248
Series 0 Outcome: 7
Series 0 Outcome: 22
Series 0 Outcome: 37
Series 0 Outcome: 52
Series 0 Outcome: 67
Series 0 Outcome: 82
Series 0 Outcome: 97
Series 0 Outcome: 112
Series 0 Outcome: 127
Series 0 Outcome: 142
Series 0 Outcome: 157
Series 0 Outcome: 172
Series 0 Outcome: 187
Series 0 Outcome: 202
Series 0 Outcome: 217
Series 0 Outcome: 232
Series 0 Outcome: 247
Series 0 Outcome: 6
Series 0 Outcome: 21
Series 0 Outcome: 36
Series 0 Outcome: 51
Series 0 Outcome: 66
Series 0 Outcome: 81
Series 0 Outcome: 96
Series 0 Outcome: 111
Series 0 Outcome: 126
Series 0 Outcome: 141
Series 0 Outcome: 156
Series 0 Outcome: 171
Series 0 Outcome: 186
Series 0 Outcome: 201
Series 0 Outcome: 216
Series 0 Outcome: 231
Series 0 Outcome: 246
Series 0 Outcome: 5
Series 0 Outcome: 20
Series 0 Outcome: 35
Series 0 Outcome: 50
Series 0 Outcome: 65
Series 0 Outcome: 80
Series 0 Outcome: 95
Series 0 Outcome: 110
Series 0 Outcome: 125
Series 0 Outcome: 140
Series 0 Outcome: 155
Series 0 Outcome: 170
Series 0 Outcome: 185
Series 0 Outcome: 200
Series 0 Outcome: 215
Series 0 Outcome: 230
Series 1 Outcome: 25
Series 1 Outcome: 40
Series 1 Outcome: 55
Series 1 Outcome: 70
Series 1 Outcome: 85
Series 1 Outcome: 100
Series 1 Outcome: 115
Series 1 Outcome: 130
Series 1 Outcome: 145
Series 1 Outcome: 160
Series 1 Outcome: 175
Series 1 Outcome: 190
Series 1 Outcome: 205
Series 1 Outcome: 220
Series 1 Outcome: 235
Series 1 Outcome: 250
Series 1 Outcome: 9
Series 1 Outcome: 24
Series 1 Outcome: 39
Series 1 Outcome: 54
Series 1 Outcome: 69
Series 1 Outcome: 84
Series 1 Outcome: 99
Series 1 Outcome: 114
Series 1 Outcome: 129
Series 1 Outcome: 144
Series 1 Outcome: 159
Series 1 Outcome: 174
Series 1 Outcome: 189
Series 1 Outcome: 204
Series 1 Outcome: 219
Series 1 Outcome: 234
Series 1 Outcome: 249
Series 1 Outcome: 8
Series 1 Outcome: 23
Series 1 Outcome: 38
Series 1 Outcome: 53
Series 1 Outcome: 68
Series 1 Outcome: 83
Series 1 Outcome: 98
Series 1 Outcome: 113
Series 1 Outcome: 128
Series 1 Outcome: 143
Series 1 Outcome: 158
Series 1 Outcome: 173
Series 1 Outcome: 188
Series 1 Outcome: 203
Series 1 Outcome: 218
Series 1 Outcome: 233
Series 1 Outcome: 248
Series 1 Outcome: 7
Series 1 Outcome: 22
Series 1 Outcome: 37
Series 1 Outcome: 52
Series 1 Outcome: 67
Series 1 Outcome: 82
Series 1 Outcome: 97
Series 1 Outcome: 112
Series 1 Outcome: 127
Series 1 Outcome: 142
Series 1 Outcome: 157
Series 1 Outcome: 172
Series 1 Outcome: 187
Series 1 Outcome: 202
Series 1 Outcome: 217
Series 1 Outcome: 232
Series 1 Outcome: 247
Series 1 Outcome: 6
Series 1 Outcome: 21
Series 1 Outcome: 36
Series 1 Outcome: 51
Series 1 Outcome: 66
Series 1 Outcome: 81
Series 1 Outcome: 96
Series 1 Outcome: 111
Series 1 Outcome: 126
Series 1 Outcome: 141
Series 1 Outcome: 156
Series 1 Outcome: 171
Series 1 Outcome: 186
Series 1 Outcome: 201
Series 1 Outcome: 216
Series 1 Outcome: 231
Series 1 Outcome: 246
Series 1 Outcome: 5
Series 1 Outcome: 20
Series 1 Outcome: 35
Series 1 Outcome: 50
Series 1 Outcome: 65
Series 1 Outcome: 80
Series 1 Outcome: 95
Series 1 Outcome: 110
Series 1 Outcome: 125
Series 1 Outcome: 140
Series 1 Outcome: 155
Series 1 Outcome: 170
Series 1 Outcome: 185
Series 1 Outcome: 200
Series 1 Outcome: 215
Series 1 Outcome: 230
Series 2 Outcome: 25
Series 2 Outcome: 40
Series 2 Outcome: 55
Series 2 Outcome: 70
Series 2 Outcome: 85
Series 2 Outcome: 100
Series 2 Outcome: 115
Series 2 Outcome: 130
Series 2 Outcome: 145
Series 2 Outcome: 160
Series 2 Outcome: 175
Series 2 Outcome: 190
Series 2 Outcome: 205
Series 2 Outcome: 220
Series 2 Outcome: 235
Series 2 Outcome: 250
Series 2 Outcome: 9
Series 2 Outcome: 24
Series 2 Outcome: 39
Series 2 Outcome: 54
Series 2 Outcome: 69
Series 2 Outcome: 84
Series 2 Outcome: 99
Series 2 Outcome: 114
Series 2 Outcome: 129
Series 2 Outcome: 144
Series 2 Outcome: 159
Series 2 Outcome: 174
Series 2 Outcome: 189
Series 2 Outcome: 204
Series 2 Outcome: 219
Series 2 Outcome: 234
Series 2 Outcome: 249
Series 2 Outcome: 8
Series 2 Outcome: 23
Series 2 Outcome: 38
Series 2 Outcome: 53
Series 2 Outcome: 68
Series 2 Outcome: 83
Series 2 Outcome: 98
Series 2 Outcome: 113
Series 2 Outcome: 128
Series 2 Outcome: 143
Series 2 Outcome: 158
Series 2 Outcome: 173
Series 2 Outcome: 188
Series 2 Outcome: 203
Series 2 Outcome: 218
Series 2 Outcome: 233
Series 2 Outcome: 248
Series 2 Outcome: 7
Series 2 Outcome: 22
Series 2 Outcome: 37
Series 2 Outcome: 52
Series 2 Outcome: 67
Series 2 Outcome: 82
Series 2 Outcome: 97
Series 2 Outcome: 112
Series 2 Outcome: 127
Series 2 Outcome: 142
Series 2 Outcome: 157
Series 2 Outcome: 172
Series 2 Outcome: 187
Series 2 Outcome: 202
Series 2 Outcome: 217
Series 2 Outcome: 232
Series 2 Outcome: 247
Series 2 Outcome: 6
Series 2 Outcome: 21
Series 2 Outcome: 36
Series 2 Outcome: 51
Series 2 Outcome: 66
Series 2 Outcome: 81
Series 2 Outcome: 96
Series 2 Outcome: 111
Series 2 Outcome: 126
Series 2 Outcome: 141
Series 2 Outcome: 156
Series 2 Outcome: 171
Series 2 Outcome: 186
Series 2 Outcome: 201
Series 2 Outcome: 216
Series 2 Outcome: 231
Series 2 Outcome: 246
Series 2 Outcome: 5
Series 2 Outcome: 20
Series 2 Outcome: 35
Series 2 Outcome: 50
Series 2 Outcome: 65
Series 2 Outcome: 80
Series 2 Outcome: 95
Series 2 Outcome: 110
Series 2 Outcome: 125
Series 2 Outcome: 140
Series 2 Outcome: 155
Series 2 Outcome: 170
Series 2 Outcome: 185
Series 2 Outcome: 200
Series 2 Outcome: 215
Series 2 Outcome: 230
Test passed !
The maximum depth reached by any of the 2 hls::stream() instances in the design is 100
INFO: [SIM 211-1] CSim done with 0 errors.
INFO: [SIM 211-3] *************** CSIM finish ***************
INFO: [HLS 200-111] Finished Command csim_design CPU user time: 3.27 seconds. CPU system time: 0.35 seconds. Elapsed time: 2.2 seconds; current allocated memory: 76.601 MB.
