#-----------------------------------------------------------
# Vivado v2020.2 (64-bit)
# SW Build 3064766 on Wed Nov 18 09:12:47 MST 2020
# IP Build 3064653 on Wed Nov 18 14:17:31 MST 2020
# Start of session at: Wed May  4 09:47:02 2022
# Process ID: 2807
# Current directory: /home/rgadea/pruebas_HLS_XILINX_2022/rgadea/systolic_arrays/solution1/.autopilot/db/ip_tmp
# Command line: vivado  -notrace -log vivado.log -mode batch -source run_vivado_gen_ip.tcl
# Log file: /home/rgadea/pruebas_HLS_XILINX_2022/rgadea/systolic_arrays/solution1/.autopilot/db/ip_tmp/vivado.log
# Journal file: /home/rgadea/pruebas_HLS_XILINX_2022/rgadea/systolic_arrays/solution1/.autopilot/db/ip_tmp/vivado.jou
#-----------------------------------------------------------
source run_vivado_gen_ip.tcl -notrace
INFO: [IP_Flow 19-234] Refreshing IP repositories
INFO: [IP_Flow 19-1704] No user IP repositories specified
INFO: [IP_Flow 19-2313] Loaded Vivado IP repository '/opt/Xilinx/Vivado/2020.2/data/ip'.
WARNING: [IP_Flow 19-4832] The IP name 'MVM_opcion7_super_mejorada_ap_ddiv_57_no_dsp_64' you have specified is long. The Windows operating system has path length limitations. It is recommended you use shorter names to reduce the likelihood of issues.
INFO: [IP_Flow 19-1686] Generating 'Synthesis' target for IP 'MVM_opcion7_super_mejorada_ap_ddiv_57_no_dsp_64'...
INFO: [IP_Flow 19-1686] Generating 'Simulation' target for IP 'MVM_opcion7_super_mejorada_ap_ddiv_57_no_dsp_64'...
WARNING: [IP_Flow 19-4832] The IP name 'MVM_opcion7_super_mejorada_ap_dsub_5_full_dsp_64' you have specified is long. The Windows operating system has path length limitations. It is recommended you use shorter names to reduce the likelihood of issues.
INFO: [IP_Flow 19-1686] Generating 'Synthesis' target for IP 'MVM_opcion7_super_mejorada_ap_dsub_5_full_dsp_64'...
INFO: [IP_Flow 19-1686] Generating 'Simulation' target for IP 'MVM_opcion7_super_mejorada_ap_dsub_5_full_dsp_64'...
WARNING: [IP_Flow 19-4832] The IP name 'MVM_opcion7_super_mejorada_ap_fmul_2_max_dsp_32' you have specified is long. The Windows operating system has path length limitations. It is recommended you use shorter names to reduce the likelihood of issues.
INFO: [IP_Flow 19-1686] Generating 'Synthesis' target for IP 'MVM_opcion7_super_mejorada_ap_fmul_2_max_dsp_32'...
INFO: [IP_Flow 19-1686] Generating 'Simulation' target for IP 'MVM_opcion7_super_mejorada_ap_fmul_2_max_dsp_32'...
WARNING: [IP_Flow 19-4832] The IP name 'MVM_opcion7_super_mejorada_ap_dadd_5_full_dsp_64' you have specified is long. The Windows operating system has path length limitations. It is recommended you use shorter names to reduce the likelihood of issues.
INFO: [IP_Flow 19-1686] Generating 'Synthesis' target for IP 'MVM_opcion7_super_mejorada_ap_dadd_5_full_dsp_64'...
INFO: [IP_Flow 19-1686] Generating 'Simulation' target for IP 'MVM_opcion7_super_mejorada_ap_dadd_5_full_dsp_64'...
WARNING: [IP_Flow 19-4832] The IP name 'MVM_opcion7_super_mejorada_ap_fptrunc_0_no_dsp_64' you have specified is long. The Windows operating system has path length limitations. It is recommended you use shorter names to reduce the likelihood of issues.
INFO: [IP_Flow 19-1686] Generating 'Synthesis' target for IP 'MVM_opcion7_super_mejorada_ap_fptrunc_0_no_dsp_64'...
INFO: [IP_Flow 19-1686] Generating 'Simulation' target for IP 'MVM_opcion7_super_mejorada_ap_fptrunc_0_no_dsp_64'...
WARNING: [IP_Flow 19-4832] The IP name 'MVM_opcion7_super_mejorada_ap_dexp_19_full_dsp_64' you have specified is long. The Windows operating system has path length limitations. It is recommended you use shorter names to reduce the likelihood of issues.
INFO: [IP_Flow 19-1686] Generating 'Synthesis' target for IP 'MVM_opcion7_super_mejorada_ap_dexp_19_full_dsp_64'...
INFO: [IP_Flow 19-1686] Generating 'Simulation' target for IP 'MVM_opcion7_super_mejorada_ap_dexp_19_full_dsp_64'...
WARNING: [IP_Flow 19-4832] The IP name 'MVM_opcion7_super_mejorada_ap_fpext_0_no_dsp_32' you have specified is long. The Windows operating system has path length limitations. It is recommended you use shorter names to reduce the likelihood of issues.
INFO: [IP_Flow 19-1686] Generating 'Synthesis' target for IP 'MVM_opcion7_super_mejorada_ap_fpext_0_no_dsp_32'...
INFO: [IP_Flow 19-1686] Generating 'Simulation' target for IP 'MVM_opcion7_super_mejorada_ap_fpext_0_no_dsp_32'...
WARNING: [IP_Flow 19-4832] The IP name 'MVM_opcion7_super_mejorada_ap_fadd_3_full_dsp_32' you have specified is long. The Windows operating system has path length limitations. It is recommended you use shorter names to reduce the likelihood of issues.
INFO: [IP_Flow 19-1686] Generating 'Synthesis' target for IP 'MVM_opcion7_super_mejorada_ap_fadd_3_full_dsp_32'...
INFO: [IP_Flow 19-1686] Generating 'Simulation' target for IP 'MVM_opcion7_super_mejorada_ap_fadd_3_full_dsp_32'...
INFO: [Common 17-206] Exiting Vivado at Wed May  4 09:47:40 2022...
